Base path: /Applications/Unity/Unity.app/Contents
Pipe name: \\.\pipe\UnityShaderCompiler-2--1334542336
Cmd: getPlatforms
Cmd: compileSnippet
  api=9 type=0 insize=7048 outsize=2775 kw=DIRECTIONAL LIGHTMAP_ON DIRLIGHTMAP_OFF ok=1
Cmd: compileSnippet
  api=9 type=1 insize=7048 outsize=7 kw=DIRECTIONAL LIGHTMAP_ON DIRLIGHTMAP_OFF ok=1
Cmd: compileSnippet
  api=9 type=0 insize=4780 outsize=4857 kw=DIRECTIONAL ok=1
Cmd: compileSnippet
  api=9 type=0 insize=4780 outsize=5632 kw=POINT_COOKIE ok=1
Cmd: compileSnippet
  api=9 type=1 insize=4780 outsize=7 kw=DIRECTIONAL ok=1
Cmd: compileSnippet
  api=9 type=1 insize=4780 outsize=7 kw=POINT_COOKIE ok=1
Cmd: compileSnippet
  api=9 type=0 insize=6012 outsize=5948 kw=DIRECTIONAL LIGHTMAP_OFF DIRLIGHTMAP_OFF ok=1
Cmd: compileSnippet
  api=5 type=0 insize=6012 outsize=1881 kw=DIRECTIONAL LIGHTMAP_ON DIRLIGHTMAP_OFF ok=1
Cmd: compileSnippet
  api=9 type=0 insize=6012 outsize=7092 kw=DIRECTIONAL LIGHTMAP_OFF DIRLIGHTMAP_OFF VERTEXLIGHT_ON ok=1
Cmd: compileSnippet
  api=9 type=1 insize=6012 outsize=7 kw=DIRECTIONAL LIGHTMAP_OFF DIRLIGHTMAP_OFF ok=1
Cmd: compileSnippet
  api=5 type=1 insize=6012 outsize=6 kw=DIRECTIONAL LIGHTMAP_ON DIRLIGHTMAP_OFF ok=1
Cmd: compileSnippet
  api=9 type=0 insize=3811 outsize=4898 kw=POINT ok=1
Cmd: compileSnippet
  api=9 type=0 insize=3811 outsize=4260 kw=DIRECTIONAL ok=1
Cmd: compileSnippet
  api=9 type=0 insize=3811 outsize=5132 kw=SPOT ok=1
Cmd: compileSnippet
  api=9 type=0 insize=3811 outsize=5035 kw=POINT_COOKIE ok=1
Cmd: compileSnippet
  api=9 type=0 insize=3811 outsize=4634 kw=DIRECTIONAL_COOKIE ok=1
Cmd: compileSnippet
  api=9 type=1 insize=3811 outsize=7 kw=POINT ok=1
Cmd: compileSnippet
  api=9 type=1 insize=3811 outsize=7 kw=DIRECTIONAL ok=1
Cmd: compileSnippet
  api=9 type=1 insize=3811 outsize=7 kw=SPOT ok=1
Cmd: compileSnippet
  api=5 type=1 insize=3811 outsize=6 kw=POINT_COOKIE ok=1
Cmd: compileSnippet
  api=5 type=1 insize=3811 outsize=6 kw=DIRECTIONAL_COOKIE ok=1
Cmd: compileSnippet
  api=9 type=0 insize=5336 outsize=4040 kw=DIRECTIONAL LIGHTMAP_OFF DIRLIGHTMAP_OFF ok=1
Cmd: compileSnippet
  api=5 type=0 insize=5336 outsize=1881 kw=DIRECTIONAL LIGHTMAP_ON DIRLIGHTMAP_OFF ok=1
Cmd: compileSnippet
  api=5 type=0 insize=5336 outsize=3842 kw=DIRECTIONAL LIGHTMAP_ON DIRLIGHTMAP_ON ok=1
Cmd: compileSnippet
  api=5 type=0 insize=5336 outsize=5145 kw=DIRECTIONAL LIGHTMAP_OFF DIRLIGHTMAP_OFF VERTEXLIGHT_ON ok=1
Cmd: compileSnippet
  api=9 type=1 insize=5336 outsize=7 kw=DIRECTIONAL LIGHTMAP_OFF DIRLIGHTMAP_OFF ok=1
Cmd: compileSnippet
  api=9 type=1 insize=5336 outsize=7 kw=DIRECTIONAL LIGHTMAP_ON DIRLIGHTMAP_OFF ok=1
Cmd: compileSnippet
  api=9 type=1 insize=5336 outsize=7 kw=DIRECTIONAL LIGHTMAP_ON DIRLIGHTMAP_ON ok=1
Cmd: compileSnippet
  api=9 type=0 insize=2853 outsize=3336 kw=POINT ok=1
Cmd: compileSnippet
  api=5 type=0 insize=2853 outsize=2887 kw=DIRECTIONAL ok=1
Cmd: compileSnippet
  api=5 type=0 insize=2853 outsize=3554 kw=SPOT ok=1
Cmd: compileSnippet
  api=9 type=0 insize=2853 outsize=3425 kw=POINT_COOKIE ok=1
Cmd: compileSnippet
  api=9 type=0 insize=2853 outsize=3157 kw=DIRECTIONAL_COOKIE ok=1
Cmd: compileSnippet
  api=9 type=1 insize=2853 outsize=7 kw=POINT ok=1
Cmd: compileSnippet
  api=9 type=1 insize=2853 outsize=7 kw=DIRECTIONAL ok=1
Cmd: compileSnippet
  api=9 type=1 insize=2853 outsize=7 kw=SPOT ok=1
Cmd: compileSnippet
  api=5 type=1 insize=2853 outsize=6 kw=POINT_COOKIE ok=1
Cmd: compileSnippet
  api=5 type=1 insize=2853 outsize=6 kw=DIRECTIONAL_COOKIE ok=1
End of pipe

Quitting shader compiler process
